<?xml version="1.0" encoding="UTF-8"?>
<!-- Generated by org.testng.reporters.JUnitReportReporter -->
<testsuite hostname="lnhua" name="com.testauto.container.test.GoogleTest" tests="1" failures="0" timestamp="21 Aug 2019 09:58:29 GMT" time="3.756" errors="0">
  <testcase name="googleTest" time="3.756" classname="com.testauto.container.test.GoogleTest"/>
</testsuite> <!-- com.testauto.container.test.GoogleTest -->
